#
# There is insufficient memory for the Java Runtime Environment to continue.
# Native memory allocation (malloc) failed to allocate 94016 bytes for Chunk::new
# Possible reasons:
#   The system is out of physical RAM or swap space
#   In 32 bit mode, the process size limit was hit
# Possible solutions:
#   Reduce memory load on the system
#   Increase physical memory or swap space
#   Check if swap backing store is full
#   Use 64 bit Java on a 64 bit OS
#   Decrease Java heap size (-Xmx/-Xms)
#   Decrease number of Java threads
#   Decrease Java thread stack sizes (-Xss)
#   Set larger code cache with -XX:ReservedCodeCacheSize=
# This output file may be truncated or incomplete.
#
#  Out of Memory Error (allocation.cpp:390), pid=3188, tid=0x0000000000001e94
#
# JRE version: Java(TM) SE Runtime Environment (8.0_141-b15) (build 1.8.0_141-b15)
# Java VM: Java HotSpot(TM) 64-Bit Server VM (25.141-b15 mixed mode windows-amd64 compressed oops)
# Failed to write core dump. Minidumps are not enabled by default on client versions of Windows
#

---------------  T H R E A D  ---------------

Current thread (0x000000001c735000):  JavaThread "C2 CompilerThread1" daemon [_thread_in_native, id=7828, stack(0x000000001de20000,0x000000001df20000)]

Stack: [0x000000001de20000,0x000000001df20000]
[error occurred during error reporting (printing stack bounds), id 0xc0000005]

Native frames: (J=compiled Java code, j=interpreted, Vv=VM code, C=native code)


Current CompileTask:
C2:   3920  385       4       java.lang.String::replace (127 bytes)


---------------  P R O C E S S  ---------------

Java Threads: ( => current thread )
  0x000000001e025000 JavaThread "Service Thread" daemon [_thread_blocked, id=12840, stack(0x000000001e420000,0x000000001e520000)]
  0x000000001c73e000 JavaThread "C1 CompilerThread2" daemon [_thread_blocked, id=5880, stack(0x000000001df20000,0x000000001e020000)]
=>0x000000001c735000 JavaThread "C2 CompilerThread1" daemon [_thread_in_native, id=7828, stack(0x000000001de20000,0x000000001df20000)]
  0x000000001c6dc800 JavaThread "C2 CompilerThread0" daemon [_thread_blocked, id=15084, stack(0x000000001dd20000,0x000000001de20000)]
  0x000000001c6da800 JavaThread "Attach Listener" daemon [_thread_blocked, id=6600, stack(0x000000001dc20000,0x000000001dd20000)]
  0x000000001c6d9800 JavaThread "Signal Dispatcher" daemon [_thread_blocked, id=7792, stack(0x000000001db20000,0x000000001dc20000)]
  0x000000001c6ca000 JavaThread "Finalizer" daemon [_thread_blocked, id=8156, stack(0x000000001d930000,0x000000001da30000)]
  0x000000000310f000 JavaThread "Reference Handler" daemon [_thread_blocked, id=9876, stack(0x000000001d830000,0x000000001d930000)]
  0x0000000003020800 JavaThread "main" [_thread_in_vm, id=15688, stack(0x0000000002f20000,0x0000000003020000)]

Other Threads:
  0x000000001c6a7800 VMThread [stack: 0x000000001d730000,0x000000001d830000] [id=19216]
  0x000000001e02a800 WatcherThread [stack: 0x000000001e520000,0x000000001e620000] [id=8740]

VM state:not at safepoint (normal execution)

VM Mutex/Monitor currently owned by a thread: None

Heap:
 PSYoungGen      total 76288K, used 9236K [0x000000076b500000, 0x0000000770a00000, 0x00000007c0000000)
  eden space 65536K, 14% used [0x000000076b500000,0x000000076be05188,0x000000076f500000)
  from space 10752K, 0% used [0x000000076ff80000,0x000000076ff80000,0x0000000770a00000)
  to   space 10752K, 0% used [0x000000076f500000,0x000000076f500000,0x000000076ff80000)
 ParOldGen       total 175104K, used 0K [0x00000006c1e00000, 0x00000006cc900000, 0x000000076b500000)
  object space 175104K, 0% used [0x00000006c1e00000,0x00000006c1e00000,0x00000006cc900000)
 Metaspace       used 8320K, capacity 8400K, committed 8448K, reserved 1056768K
  class space    used 960K, capacity 1008K, committed 1024K, reserved 1048576K

Card table byte_map: [0x00000000124e0000,0x0000000012ce0000] byte_map_base: 0x000000000eed1000

Marking Bits: (ParMarkBitMap*) 0x000000006c25d850
 Begin Bits: [0x0000000013630000, 0x00000000175b8000)
 End Bits:   [0x00000000175b8000, 0x000000001b540000)

Polling page: 0x0000000001690000

CodeCache: size=245760Kb used=2013Kb max_used=2013Kb free=243746Kb
 bounds [0x0000000003120000, 0x0000000003390000, 0x0000000012120000]
 total_blobs=711 nmethods=388 adapters=236
 compilation: enabled

Compilation events (10 events):
Event: 3.900 Thread 0x000000001c73e000 nmethod 380 0x0000000003310c10 code [0x0000000003310e40, 0x0000000003311a38]
Event: 3.900 Thread 0x000000001c73e000  381       3       java.util.jar.JarFile::maybeInstantiateVerifier (96 bytes)
Event: 3.901 Thread 0x000000001c73e000 nmethod 381 0x0000000003311e50 code [0x0000000003312080, 0x0000000003312d48]
Event: 3.901 Thread 0x000000001c73e000  382       3       java.lang.ClassLoader::loadClass (7 bytes)
Event: 3.901 Thread 0x000000001c73e000 nmethod 382 0x0000000003313310 code [0x0000000003313480, 0x00000000033136a8]
Event: 3.901 Thread 0x000000001c73e000  383       3       sun.misc.Launcher$AppClassLoader::loadClass (85 bytes)
Event: 3.902 Thread 0x000000001c735000  385       4       java.lang.String::replace (127 bytes)
Event: 3.902 Thread 0x000000001c73e000 nmethod 383 0x0000000003313750 code [0x0000000003313980, 0x00000000033146c8]
Event: 3.902 Thread 0x000000001c73e000  384       1       java.util.jar.JarFile::access$300 (5 bytes)
Event: 3.902 Thread 0x000000001c73e000 nmethod 384 0x0000000003314b50 code [0x0000000003314ca0, 0x0000000003314d90]

GC Heap History (0 events):
No events

Deoptimization events (1 events):
Event: 2.670 Thread 0x0000000003020800 Uncommon trap: reason=unstable_if action=reinterpret pc=0x00000000032aeda4 method=java.io.BufferedReader.read()I @ 19

Internal exceptions (10 events):
Event: 1.875 Thread 0x0000000003020800 Exception <a 'java/security/PrivilegedActionException'> (0x000000076b597a58) thrown at [C:\re\workspace\8-2-build-windows-amd64-cygwin\jdk8u141\9370\hotspot\src\share\vm\prims\jvm.cpp, line 1390]
Event: 2.412 Thread 0x0000000003020800 Exception <a 'java/lang/ArrayIndexOutOfBoundsException'> (0x000000076b792110) thrown at [C:\re\workspace\8-2-build-windows-amd64-cygwin\jdk8u141\9370\hotspot\src\share\vm\runtime\sharedRuntime.cpp, line 605]
Event: 2.415 Thread 0x0000000003020800 Exception <a 'java/lang/ArrayIndexOutOfBoundsException'> (0x000000076b792e88) thrown at [C:\re\workspace\8-2-build-windows-amd64-cygwin\jdk8u141\9370\hotspot\src\share\vm\runtime\sharedRuntime.cpp, line 605]
Event: 2.416 Thread 0x0000000003020800 Exception <a 'java/lang/ArrayIndexOutOfBoundsException'> (0x000000076b793e40) thrown at [C:\re\workspace\8-2-build-windows-amd64-cygwin\jdk8u141\9370\hotspot\src\share\vm\runtime\sharedRuntime.cpp, line 605]
Event: 2.419 Thread 0x0000000003020800 Exception <a 'java/lang/ArrayIndexOutOfBoundsException'> (0x000000076b7956d0) thrown at [C:\re\workspace\8-2-build-windows-amd64-cygwin\jdk8u141\9370\hotspot\src\share\vm\runtime\sharedRuntime.cpp, line 605]
Event: 2.472 Thread 0x0000000003020800 Exception <a 'java/lang/ArrayIndexOutOfBoundsException'> (0x000000076b7bc0b8) thrown at [C:\re\workspace\8-2-build-windows-amd64-cygwin\jdk8u141\9370\hotspot\src\share\vm\runtime\sharedRuntime.cpp, line 605]
Event: 2.475 Thread 0x0000000003020800 Exception <a 'java/lang/ArrayIndexOutOfBoundsException'> (0x000000076b7bd320) thrown at [C:\re\workspace\8-2-build-windows-amd64-cygwin\jdk8u141\9370\hotspot\src\share\vm\runtime\sharedRuntime.cpp, line 605]
Event: 2.481 Thread 0x0000000003020800 Exception <a 'java/lang/ArrayIndexOutOfBoundsException'> (0x000000076b7bec98) thrown at [C:\re\workspace\8-2-build-windows-amd64-cygwin\jdk8u141\9370\hotspot\src\share\vm\runtime\sharedRuntime.cpp, line 605]
Event: 2.520 Thread 0x0000000003020800 Exception <a 'java/lang/ArrayIndexOutOfBoundsException'> (0x000000076b7e4c78) thrown at [C:\re\workspace\8-2-build-windows-amd64-cygwin\jdk8u141\9370\hotspot\src\share\vm\runtime\sharedRuntime.cpp, line 605]
Event: 2.599 Thread 0x0000000003020800 Exception <a 'java/lang/ArrayIndexOutOfBoundsException'> (0x000000076b7f41d8) thrown at [C:\re\workspace\8-2-build-windows-amd64-cygwin\jdk8u141\9370\hotspot\src\share\vm\runtime\sharedRuntime.cpp, line 605]

Events (10 events):
Event: 3.903 loading class oracle/sql/CharacterSetFactoryDefault
Event: 3.903 loading class oracle/sql/CharacterSetFactoryDefault done
Event: 3.904 loading class oracle/sql/CharacterSetFactoryThin
Event: 3.904 loading class oracle/sql/CharacterSetFactoryThin done
Event: 3.905 loading class java/lang/IllegalStateException
Event: 3.905 loading class java/lang/IllegalStateException done
Event: 3.905 loading class oracle/i18n/text/converter/CharacterConverterSJIS
Event: 3.905 loading class oracle/i18n/text/converter/CharacterConverterSJIS done
Event: 3.905 loading class oracle/sql/CharacterSetAL16UTF16
Event: 3.905 loading class oracle/sql/CharacterSetAL16UTF16 done


Dynamic libraries:
0x00007ff712e70000 - 0x00007ff712ea7000 	C:\Program Files\Java\jre1.8.0_141\bin\javaw.exe
0x00007fff6c8f0000 - 0x00007fff6cac2000 	C:\windows\SYSTEM32\ntdll.dll
0x00007fff6abf0000 - 0x00007fff6ac9c000 	C:\windows\System32\KERNEL32.DLL
0x00007fff690e0000 - 0x00007fff692fd000 	C:\windows\System32\KERNELBASE.dll
0x00007fff6aaf0000 - 0x00007fff6ab92000 	C:\windows\System32\ADVAPI32.dll
0x00007fff6aa50000 - 0x00007fff6aaee000 	C:\windows\System32\msvcrt.dll
0x00007fff6a340000 - 0x00007fff6a399000 	C:\windows\System32\sechost.dll
0x00007fff6c1b0000 - 0x00007fff6c2d1000 	C:\windows\System32\RPCRT4.dll
0x00007fff6c2e0000 - 0x00007fff6c445000 	C:\windows\System32\USER32.dll
0x00007fff69e10000 - 0x00007fff69e2e000 	C:\windows\System32\win32u.dll
0x00007fff6abb0000 - 0x00007fff6abe4000 	C:\windows\System32\GDI32.dll
0x00007fff69400000 - 0x00007fff69580000 	C:\windows\System32\gdi32full.dll
0x00007fff5f040000 - 0x00007fff5f2ba000 	C:\windows\WinSxS\amd64_microsoft.windows.common-controls_6595b64144ccf1df_6.0.14393.953_none_42151e83c686086b\COMCTL32.dll
0x00007fff6c450000 - 0x00007fff6c718000 	C:\windows\System32\combase.dll
0x00007fff69300000 - 0x00007fff693f5000 	C:\windows\System32\ucrtbase.dll
0x00007fff68fc0000 - 0x00007fff6902a000 	C:\windows\System32\bcryptPrimitives.dll
0x00007fff6c780000 - 0x00007fff6c7ae000 	C:\windows\System32\IMM32.DLL
0x00007fff61d60000 - 0x00007fff61e07000 	C:\Program Files\McAfee\Host Intrusion Prevention\HcApi.dll
0x000000006cc50000 - 0x000000006cc5c000 	C:\Program Files\McAfee\Host Intrusion Prevention\HcThe.dll
0x000000006c2e0000 - 0x000000006c3b2000 	C:\Program Files\Java\jre1.8.0_141\bin\msvcr100.dll
0x000000006ba40000 - 0x000000006c2dd000 	C:\Program Files\Java\jre1.8.0_141\bin\server\jvm.dll
0x00007fff6a410000 - 0x00007fff6a418000 	C:\windows\System32\PSAPI.DLL
0x00007fff5d420000 - 0x00007fff5d429000 	C:\windows\SYSTEM32\WSOCK32.dll
0x00007fff6a8e0000 - 0x00007fff6a94a000 	C:\windows\System32\WS2_32.dll
0x00007fff67030000 - 0x00007fff67053000 	C:\windows\SYSTEM32\WINMM.dll
0x00007fff68030000 - 0x00007fff6803a000 	C:\windows\SYSTEM32\VERSION.dll
0x00007fff67000000 - 0x00007fff6702b000 	C:\windows\SYSTEM32\WINMMBASE.dll
0x00007fff69e30000 - 0x00007fff69e72000 	C:\windows\System32\cfgmgr32.dll
0x000000006ba30000 - 0x000000006ba3f000 	C:\Program Files\Java\jre1.8.0_141\bin\verify.dll
0x000000006ba00000 - 0x000000006ba29000 	C:\Program Files\Java\jre1.8.0_141\bin\java.dll
0x000000006b9e0000 - 0x000000006b9f6000 	C:\Program Files\Java\jre1.8.0_141\bin\zip.dll
0x00007fff6aca0000 - 0x00007fff6c1a8000 	C:\windows\System32\SHELL32.dll
0x00007fff69580000 - 0x00007fff69c5a000 	C:\windows\System32\windows.storage.dll
0x00007fff68da0000 - 0x00007fff68dec000 	C:\windows\System32\powrprof.dll
0x00007fff6a3b0000 - 0x00007fff6a402000 	C:\windows\System32\shlwapi.dll
0x00007fff68d60000 - 0x00007fff68d6f000 	C:\windows\System32\kernel.appcore.dll
0x00007fff69d00000 - 0x00007fff69da9000 	C:\windows\System32\shcore.dll
0x00007fff68d80000 - 0x00007fff68d94000 	C:\windows\System32\profapi.dll
0x000000006c700000 - 0x000000006c70d000 	C:\Program Files\Java\jre1.8.0_141\bin\management.dll
0x000000006b9c0000 - 0x000000006b9da000 	C:\Program Files\Java\jre1.8.0_141\bin\net.dll
0x00007fff68690000 - 0x00007fff686ec000 	C:\windows\system32\mswsock.dll
0x000000006b9a0000 - 0x000000006b9b1000 	C:\Program Files\Java\jre1.8.0_141\bin\nio.dll
0x00007fff68450000 - 0x00007fff684f1000 	C:\windows\SYSTEM32\DNSAPI.dll
0x00007fff6a3a0000 - 0x00007fff6a3a8000 	C:\windows\System32\NSI.dll
0x00007fff68410000 - 0x00007fff68448000 	C:\windows\SYSTEM32\IPHLPAPI.DLL
0x000000006ebc0000 - 0x000000006ebe6000 	C:\Program Files\Bonjour\mdnsNSP.dll
0x00007fff60010000 - 0x00007fff6001a000 	C:\Windows\System32\rasadhlp.dll
0x00007fff61f30000 - 0x00007fff61f9a000 	C:\windows\System32\fwpuclnt.dll
0x00007fff68cb0000 - 0x00007fff68cdb000 	C:\windows\SYSTEM32\bcrypt.dll

VM Arguments:
jvm_args: -Dfile.encoding=Cp1252 
java_command: BillingSAO
java_class_path (initial): C:\Users\sa391060\workspace\Sainsbury\bin;D:\app\user1\product\11.2.0\dbhome_1\jdbc\lib\ojdbc6.jar
Launcher Type: SUN_STANDARD

Environment Variables:
PATH=D:\app\user1\product\11.2.0\dbhome_1\bin;C:\ProgramData\Oracle\Java\javapath;C:\Program Files (x86)\Intel\iCLS Client\;C:\Program Files\Intel\iCLS Client\;C:\windows\system32;C:\windows;C:\windows\System32\Wbem;C:\windows\System32\WindowsPowerShell\v1.0\;c:\Program Files\Intel\WiFi\bin\;c:\Program Files\Common Files\Intel\WirelessCommon\;C:\Program Files (x86)\Intel\Intel(R) Management Engine Components\DAL;C:\Program Files\Intel\Intel(R) Management Engine Components\DAL;C:\Program Files (x86)\Intel\Intel(R) Management Engine Components\IPT;C:\Program Files\Intel\Intel(R) Management Engine Components\IPT;C:\Program Files\Java\jdk1.7.0_75\bin;C:\Users\sa391060\AppData\Local\Microsoft\WindowsApps;
USERNAME=SA391060
OS=Windows_NT
PROCESSOR_IDENTIFIER=Intel64 Family 6 Model 142 Stepping 9, GenuineIntel



---------------  S Y S T E M  ---------------

OS: Windows 10.0 , 64 bit Build 14393 (10.0.14393.1198)

CPU:total 4 (initial active 4) (2 cores per cpu, 2 threads per core) family 6 model 142 stepping 9, cmov, cx8, fxsr, mmx, sse, sse2, sse3, ssse3, sse4.1, sse4.2, popcnt, avx, avx2, aes, clmul, erms, 3dnowpref, lzcnt, ht, tsc, tscinvbit, bmi1, bmi2, adx

Memory: 4k page, physical 16653512k(6763060k free), swap 33430728k(4968k free)

vm_info: Java HotSpot(TM) 64-Bit Server VM (25.141-b15) for windows-amd64 JRE (1.8.0_141-b15), built on Jul 12 2017 04:25:12 by "java_re" with MS VC++ 10.0 (VS2010)

time: Thu Sep 28 11:22:28 2017
elapsed time: 3 seconds (0d 0h 0m 3s)

